<?xml version="1.0" encoding="UTF-8"?>
<testng-results ignored="0" total="1" passed="1" failed="0" skipped="0">
  <reporter-output>
  </reporter-output>
  <suite started-at="2022-08-26T10:17:32 ICT" name="Default suite" finished-at="2022-08-26T10:17:47 ICT" duration-ms="14885">
    <groups>
    </groups>
    <test started-at="2022-08-26T10:17:32 ICT" name="Default test" finished-at="2022-08-26T10:17:47 ICT" duration-ms="14885">
      <class name="tests.TextBoxTests">
        <test-method is-config="true" signature="openWWebsite()[pri:0, instance:tests.TextBoxTests@4efc180e]" started-at="2022-08-26T10:17:33 ICT" name="openWWebsite" finished-at="2022-08-26T10:17:44 ICT" duration-ms="11382" status="PASS">
          <reporter-output>
          </reporter-output>
        </test-method> <!-- openWWebsite -->
        <test-method signature="emailFormatIsWrong()[pri:0, instance:tests.TextBoxTests@4efc180e]" started-at="2022-08-26T10:17:44 ICT" name="emailFormatIsWrong" finished-at="2022-08-26T10:17:47 ICT" duration-ms="3476" status="PASS">
          <reporter-output>
          </reporter-output>
        </test-method> <!-- emailFormatIsWrong -->
      </class> <!-- tests.TextBoxTests -->
    </test> <!-- Default test -->
  </suite> <!-- Default suite -->
</testng-results>
