<?xml version="1.0" encoding="UTF-8"?>
<!-- Generated by org.testng.reporters.JUnitXMLReporter -->
<testsuite ignored="0" hostname="Panther-truyend" failures="0" tests="1" name="Run on chrome" time="0.015" errors="0" timestamp="2022-10-14T16:56:50 ICT">
  <testcase classname="tests.TestCase" name="@BeforeMethod openWeb" time="0.006">
    <failure type="java.lang.IllegalStateException" message="The driver executable must exist: C:\Users\truyendtt\Downloads\SeleniumWithMaven\DemoQA">
      <![CDATA[java.lang.IllegalStateException: The driver executable must exist: C:\Users\truyendtt\Downloads\SeleniumWithMaven\DemoQA
at org.openqa.selenium.internal.Require$FileStateChecker.isFile(Require.java:342)
at org.openqa.selenium.remote.service.DriverService.checkExecutable(DriverService.java:147)
at org.openqa.selenium.remote.service.DriverService.findExecutable(DriverService.java:142)
at org.openqa.selenium.chrome.ChromeDriverService.access$000(ChromeDriverService.java:38)
at org.openqa.selenium.chrome.ChromeDriverService$Builder.findDefaultExecutable(ChromeDriverService.java:231)
at org.openqa.selenium.remote.service.DriverService$Builder.build(DriverService.java:437)
at org.openqa.selenium.chrome.ChromeDriverService.createDefaultService(ChromeDriverService.java:127)
at org.openqa.selenium.chrome.ChromeDriver.<init>(ChromeDriver.java:48)
at common.TestBasic.openWebsite(TestBasic.java:29)
at tests.TestCase.openWeb(TestCase.java:14)
at java.base/java.util.ArrayList.forEach(ArrayList.java:1511)
... Removed 31 stack frames]]>
    </failure>
  </testcase> <!-- @BeforeMethod openWeb -->
  <testcase classname="tests.CheckBoxTest" name="clickCheckBoxSuccessfully" time="0.0">
    <skipped/>
  </testcase> <!-- clickCheckBoxSuccessfully -->
</testsuite> <!-- Run on chrome -->
